<?xml version="1.0" encoding="UTF-8"?>
<!-- Generated by org.testng.reporters.JUnitReportReporter -->
<testsuite hostname="DESKTOP-NA1O9A8" failures="0" tests="1" name="com.snapdeal.scripts.TestScript1" time="33.828" errors="0" timestamp="23 Jul 2021 18:05:02 GMT" skipped="0">
  <testcase classname="com.snapdeal.scripts.TestScript1" name="allotment" time="33.828"/>
</testsuite> <!-- com.snapdeal.scripts.TestScript1 -->
