<?xml version="1.0" encoding="UTF-8"?>
<!-- Generated by org.testng.reporters.JUnitReportReporter -->
<testsuite hostname="DESKTOP-NA1O9A8" failures="0" tests="1" name="com.snapdeal.scripts.TestScript1" time="12.304" errors="0" timestamp="22 Jul 2021 19:31:13 GMT" skipped="0">
  <testcase classname="com.snapdeal.scripts.TestScript1" name="allotment" time="12.304"/>
</testsuite> <!-- com.snapdeal.scripts.TestScript1 -->
